2021-06-28 16:06:707 INFO  BasePage :33 - Launching Chrome Browser 
2021-06-28 16:06:24 INFO  HomePage :34 - Clicking on Bank Manager Login Link : [[ChromeDriver: chrome on WINDOWS (182df9b45f92aef9f02a7b4f283f034f)] -> xpath: //button[contains(text(),'Bank Manager Login')]]
2021-06-28 16:06:456 INFO  BankManagerLoginPage :24 - Clicking on Add Customer Button : [[ChromeDriver: chrome on WINDOWS (182df9b45f92aef9f02a7b4f283f034f)] -> xpath: //button[@ng-click='addCust()']]
2021-06-28 16:06:721 INFO  AddCustomerPage :27 - Enter FirstName : [[ChromeDriver: chrome on WINDOWS (182df9b45f92aef9f02a7b4f283f034f)] -> xpath: //input[@placeholder='First Name']]
2021-06-28 16:06:800 INFO  AddCustomerPage :32 - Enter lastName : [[ChromeDriver: chrome on WINDOWS (182df9b45f92aef9f02a7b4f283f034f)] -> xpath: //input[@placeholder='Last Name']]
2021-06-28 16:06:893 INFO  AddCustomerPage :37 - Enter Post Code : [[ChromeDriver: chrome on WINDOWS (182df9b45f92aef9f02a7b4f283f034f)] -> xpath: //input[@placeholder='Post Code']]
2021-06-28 16:06:968 INFO  BankManagerLoginPage :24 - Clicking on Add Customer Button : [[ChromeDriver: chrome on WINDOWS (182df9b45f92aef9f02a7b4f283f034f)] -> xpath: //button[@ng-click='addCust()']]
2021-06-28 16:06:911 INFO  BasePage :33 - Launching Chrome Browser 
2021-06-28 16:06:491 INFO  HomePage :34 - Clicking on Bank Manager Login Link : [[ChromeDriver: chrome on WINDOWS (0007087e699f0639a3d8a22860a4390a)] -> xpath: //button[contains(text(),'Bank Manager Login')]]
2021-06-28 16:06:737 INFO  BankManagerLoginPage :24 - Clicking on Add Customer Button : [[ChromeDriver: chrome on WINDOWS (0007087e699f0639a3d8a22860a4390a)] -> xpath: //button[@ng-click='addCust()']]
2021-06-28 16:06:30 INFO  AddCustomerPage :27 - Enter FirstName : [[ChromeDriver: chrome on WINDOWS (0007087e699f0639a3d8a22860a4390a)] -> xpath: //input[@placeholder='First Name']]
2021-06-28 16:06:121 INFO  AddCustomerPage :32 - Enter lastName : [[ChromeDriver: chrome on WINDOWS (0007087e699f0639a3d8a22860a4390a)] -> xpath: //input[@placeholder='Last Name']]
2021-06-28 16:06:214 INFO  AddCustomerPage :37 - Enter Post Code : [[ChromeDriver: chrome on WINDOWS (0007087e699f0639a3d8a22860a4390a)] -> xpath: //input[@placeholder='Post Code']]
2021-06-28 16:06:461 INFO  BankManagerLoginPage :24 - Clicking on Add Customer Button : [[ChromeDriver: chrome on WINDOWS (0007087e699f0639a3d8a22860a4390a)] -> xpath: //button[@ng-click='addCust()']]
2021-06-28 17:06:69 INFO  BasePage :33 - Launching Chrome Browser 
2021-06-28 17:06:626 INFO  HomePage :34 - Clicking on Bank Manager Login Link : [[ChromeDriver: chrome on WINDOWS (d95aa6d33082760bd27efc0807bb756c)] -> xpath: //button[contains(text(),'Bank Manager Login')]]
2021-06-28 17:06:729 INFO  BankManagerLoginPage :24 - Clicking on Add Customer Button : [[ChromeDriver: chrome on WINDOWS (d95aa6d33082760bd27efc0807bb756c)] -> xpath: //button[@ng-click='addCust()']]
2021-06-28 17:06:879 INFO  AddCustomerPage :27 - Enter FirstName : [[ChromeDriver: chrome on WINDOWS (d95aa6d33082760bd27efc0807bb756c)] -> xpath: //input[@placeholder='First Name']]
2021-06-28 17:06:993 INFO  AddCustomerPage :32 - Enter lastName : [[ChromeDriver: chrome on WINDOWS (d95aa6d33082760bd27efc0807bb756c)] -> xpath: //input[@placeholder='Last Name']]
2021-06-28 17:06:109 INFO  AddCustomerPage :37 - Enter Post Code : [[ChromeDriver: chrome on WINDOWS (d95aa6d33082760bd27efc0807bb756c)] -> xpath: //input[@placeholder='Post Code']]
2021-06-28 17:06:170 INFO  BankManagerLoginPage :24 - Clicking on Add Customer Button : [[ChromeDriver: chrome on WINDOWS (d95aa6d33082760bd27efc0807bb756c)] -> xpath: //button[@ng-click='addCust()']]
2021-06-28 17:06:417 INFO  BasePage :33 - Launching Chrome Browser 
2021-06-28 17:06:190 INFO  HomePage :34 - Clicking on Bank Manager Login Link : [[ChromeDriver: chrome on WINDOWS (1a7cd8f3337a4ff4f36bbffe6b577bac)] -> xpath: //button[contains(text(),'Bank Manager Login')]]
2021-06-28 17:06:291 INFO  BankManagerLoginPage :24 - Clicking on Add Customer Button : [[ChromeDriver: chrome on WINDOWS (1a7cd8f3337a4ff4f36bbffe6b577bac)] -> xpath: //button[@ng-click='addCust()']]
2021-06-28 17:06:407 INFO  AddCustomerPage :27 - Enter FirstName : [[ChromeDriver: chrome on WINDOWS (1a7cd8f3337a4ff4f36bbffe6b577bac)] -> xpath: //input[@placeholder='First Name']]
2021-06-28 17:06:510 INFO  AddCustomerPage :32 - Enter lastName : [[ChromeDriver: chrome on WINDOWS (1a7cd8f3337a4ff4f36bbffe6b577bac)] -> xpath: //input[@placeholder='Last Name']]
2021-06-28 17:06:603 INFO  AddCustomerPage :37 - Enter Post Code : [[ChromeDriver: chrome on WINDOWS (1a7cd8f3337a4ff4f36bbffe6b577bac)] -> xpath: //input[@placeholder='Post Code']]
2021-06-28 17:06:672 INFO  BankManagerLoginPage :24 - Clicking on Add Customer Button : [[ChromeDriver: chrome on WINDOWS (1a7cd8f3337a4ff4f36bbffe6b577bac)] -> xpath: //button[@ng-click='addCust()']]
2021-06-28 18:06:251 INFO  BasePage :33 - Launching Chrome Browser 
2021-06-28 18:06:133 INFO  HomePage :34 - Clicking on Bank Manager Login Link : [[ChromeDriver: chrome on WINDOWS (0deac04a11fb831cd26686961a9c1ed2)] -> xpath: //button[contains(text(),'Bank Manager Login')]]
2021-06-28 18:06:238 INFO  BankManagerLoginPage :24 - Clicking on Add Customer Button : [[ChromeDriver: chrome on WINDOWS (0deac04a11fb831cd26686961a9c1ed2)] -> xpath: //button[@ng-click='addCust()']]
2021-06-28 18:06:381 INFO  AddCustomerPage :27 - Enter FirstName : [[ChromeDriver: chrome on WINDOWS (0deac04a11fb831cd26686961a9c1ed2)] -> xpath: //input[@placeholder='First Name']]
2021-06-28 18:06:493 INFO  AddCustomerPage :32 - Enter lastName : [[ChromeDriver: chrome on WINDOWS (0deac04a11fb831cd26686961a9c1ed2)] -> xpath: //input[@placeholder='Last Name']]
2021-06-28 18:06:597 INFO  AddCustomerPage :37 - Enter Post Code : [[ChromeDriver: chrome on WINDOWS (0deac04a11fb831cd26686961a9c1ed2)] -> xpath: //input[@placeholder='Post Code']]
2021-06-28 18:06:616 INFO  AddCustomerPage :41 - Click On Add Customer : [[ChromeDriver: chrome on WINDOWS (0deac04a11fb831cd26686961a9c1ed2)] -> xpath: //button[text()='Add Customer']]
2021-06-28 18:06:929 INFO  BasePage :33 - Launching Chrome Browser 
2021-06-28 18:06:919 INFO  HomePage :34 - Clicking on Bank Manager Login Link : [[ChromeDriver: chrome on WINDOWS (54428bfa259b5e29b14e6d493056615c)] -> xpath: //button[contains(text(),'Bank Manager Login')]]
2021-06-28 18:06:11 INFO  BankManagerLoginPage :24 - Clicking on Add Customer Button : [[ChromeDriver: chrome on WINDOWS (54428bfa259b5e29b14e6d493056615c)] -> xpath: //button[@ng-click='addCust()']]
2021-06-28 18:06:141 INFO  AddCustomerPage :27 - Enter FirstName : [[ChromeDriver: chrome on WINDOWS (54428bfa259b5e29b14e6d493056615c)] -> xpath: //input[@placeholder='First Name']]
2021-06-28 18:06:242 INFO  AddCustomerPage :32 - Enter lastName : [[ChromeDriver: chrome on WINDOWS (54428bfa259b5e29b14e6d493056615c)] -> xpath: //input[@placeholder='Last Name']]
2021-06-28 18:06:354 INFO  AddCustomerPage :37 - Enter Post Code : [[ChromeDriver: chrome on WINDOWS (54428bfa259b5e29b14e6d493056615c)] -> xpath: //input[@placeholder='Post Code']]
2021-06-28 18:06:426 INFO  BankManagerLoginPage :24 - Clicking on Add Customer Button : [[ChromeDriver: chrome on WINDOWS (54428bfa259b5e29b14e6d493056615c)] -> xpath: //button[@ng-click='addCust()']]
2021-06-28 18:06:507 INFO  BasePage :33 - Launching Chrome Browser 
2021-06-28 18:06:893 INFO  HomePage :34 - Clicking on Bank Manager Login Link : [[ChromeDriver: chrome on WINDOWS (1127bd1b1565e270180d7d87d61116a1)] -> xpath: //button[contains(text(),'Bank Manager Login')]]
2021-06-28 18:06:04 INFO  BankManagerLoginPage :24 - Clicking on Add Customer Button : [[ChromeDriver: chrome on WINDOWS (1127bd1b1565e270180d7d87d61116a1)] -> xpath: //button[@ng-click='addCust()']]
2021-06-28 18:06:169 INFO  AddCustomerPage :27 - Enter FirstName : [[ChromeDriver: chrome on WINDOWS (1127bd1b1565e270180d7d87d61116a1)] -> xpath: //input[@placeholder='First Name']]
2021-06-28 18:06:287 INFO  AddCustomerPage :32 - Enter lastName : [[ChromeDriver: chrome on WINDOWS (1127bd1b1565e270180d7d87d61116a1)] -> xpath: //input[@placeholder='Last Name']]
2021-06-28 18:06:401 INFO  AddCustomerPage :37 - Enter Post Code : [[ChromeDriver: chrome on WINDOWS (1127bd1b1565e270180d7d87d61116a1)] -> xpath: //input[@placeholder='Post Code']]
2021-06-28 18:06:436 INFO  AddCustomerPage :41 - Click On Add Customer : [[ChromeDriver: chrome on WINDOWS (1127bd1b1565e270180d7d87d61116a1)] -> xpath: //button[text()='Add Customer']]
2021-06-28 18:06:544 INFO  BasePage :33 - Launching Chrome Browser 
2021-06-28 18:06:50 INFO  HomePage :34 - Clicking on Bank Manager Login Link : [[ChromeDriver: chrome on WINDOWS (f48f5053da1b0fdcbcc88a2537855227)] -> xpath: //button[contains(text(),'Bank Manager Login')]]
2021-06-28 18:06:180 INFO  BankManagerLoginPage :24 - Clicking on Add Customer Button : [[ChromeDriver: chrome on WINDOWS (f48f5053da1b0fdcbcc88a2537855227)] -> xpath: //button[@ng-click='addCust()']]
2021-06-28 18:06:311 INFO  AddCustomerPage :27 - Enter FirstName : [[ChromeDriver: chrome on WINDOWS (f48f5053da1b0fdcbcc88a2537855227)] -> xpath: //input[@placeholder='First Name']]
2021-06-28 18:06:424 INFO  AddCustomerPage :32 - Enter lastName : [[ChromeDriver: chrome on WINDOWS (f48f5053da1b0fdcbcc88a2537855227)] -> xpath: //input[@placeholder='Last Name']]
2021-06-28 18:06:525 INFO  AddCustomerPage :37 - Enter Post Code : [[ChromeDriver: chrome on WINDOWS (f48f5053da1b0fdcbcc88a2537855227)] -> xpath: //input[@placeholder='Post Code']]
2021-06-28 18:06:545 INFO  AddCustomerPage :41 - Click On Add Customer : [[ChromeDriver: chrome on WINDOWS (f48f5053da1b0fdcbcc88a2537855227)] -> xpath: //button[text()='Add Customer']]
2021-06-28 18:06:738 INFO  BankManagerLoginPage :29 - Clicking on Open Account Button : [[ChromeDriver: chrome on WINDOWS (f48f5053da1b0fdcbcc88a2537855227)] -> xpath: //button[@ng-click='openAccount()']]
2021-06-28 18:06:937 INFO  OpenAccountPage :25 - Enter Customer Name : [[ChromeDriver: chrome on WINDOWS (f48f5053da1b0fdcbcc88a2537855227)] -> xpath: //select[@id='userSelect']]
2021-06-28 18:06:94 INFO  OpenAccountPage :30 - Enter Currency : [[ChromeDriver: chrome on WINDOWS (f48f5053da1b0fdcbcc88a2537855227)] -> xpath: //select[@id='currency']]
2021-06-28 18:06:538 INFO  BasePage :33 - Launching Chrome Browser 
2021-06-28 18:06:314 INFO  HomePage :34 - Clicking on Bank Manager Login Link : [[ChromeDriver: chrome on WINDOWS (74339e30fb0ec55a446f0a0d2a8d7736)] -> xpath: //button[contains(text(),'Bank Manager Login')]]
2021-06-28 18:06:429 INFO  BankManagerLoginPage :24 - Clicking on Add Customer Button : [[ChromeDriver: chrome on WINDOWS (74339e30fb0ec55a446f0a0d2a8d7736)] -> xpath: //button[@ng-click='addCust()']]
2021-06-28 18:06:577 INFO  AddCustomerPage :27 - Enter FirstName : [[ChromeDriver: chrome on WINDOWS (74339e30fb0ec55a446f0a0d2a8d7736)] -> xpath: //input[@placeholder='First Name']]
2021-06-28 18:06:702 INFO  AddCustomerPage :32 - Enter lastName : [[ChromeDriver: chrome on WINDOWS (74339e30fb0ec55a446f0a0d2a8d7736)] -> xpath: //input[@placeholder='Last Name']]
2021-06-28 18:06:825 INFO  AddCustomerPage :37 - Enter Post Code : [[ChromeDriver: chrome on WINDOWS (74339e30fb0ec55a446f0a0d2a8d7736)] -> xpath: //input[@placeholder='Post Code']]
2021-06-28 18:06:855 INFO  AddCustomerPage :41 - Click On Add Customer : [[ChromeDriver: chrome on WINDOWS (74339e30fb0ec55a446f0a0d2a8d7736)] -> xpath: //button[text()='Add Customer']]
2021-06-28 18:06:56 INFO  HomePage :24 - Clicking on Home Page : [[ChromeDriver: chrome on WINDOWS (74339e30fb0ec55a446f0a0d2a8d7736)] -> xpath: //button[contains(text(),'Home')]]
2021-06-28 18:06:138 INFO  HomePage :29 - Clicking on Customer Log In Link : [[ChromeDriver: chrome on WINDOWS (74339e30fb0ec55a446f0a0d2a8d7736)] -> xpath: //button[contains(text(),'Customer Login')]]
2021-06-28 18:06:298 INFO  OpenAccountPage :25 - Enter Customer Name : [[ChromeDriver: chrome on WINDOWS (74339e30fb0ec55a446f0a0d2a8d7736)] -> xpath: //select[@id='userSelect']]
2021-06-28 18:06:371 INFO  CustomerLoginPage :31 - Clicking on Login Button : [[ChromeDriver: chrome on WINDOWS (74339e30fb0ec55a446f0a0d2a8d7736)] -> xpath: //button[contains(text(),'Login')]]
2021-06-28 18:06:407 INFO  CustomerLoginPage :34 - Verify LogOut Text : [[ChromeDriver: chrome on WINDOWS (74339e30fb0ec55a446f0a0d2a8d7736)] -> xpath: //button[contains(text(),'Logout')]]
2021-06-28 18:06:554 INFO  CustomerLoginPage :39 - Clicking on Logout Button : [[ChromeDriver: chrome on WINDOWS (74339e30fb0ec55a446f0a0d2a8d7736)] -> xpath: //button[contains(text(),'Logout')]]
2021-06-28 18:06:587 INFO  CustomerLoginPage :42 - Verify Your Name Text : [[ChromeDriver: chrome on WINDOWS (74339e30fb0ec55a446f0a0d2a8d7736)] -> xpath: //label[contains(text(),'Your Name :')]]
2021-06-28 18:06:30 INFO  BasePage :33 - Launching Chrome Browser 
2021-06-28 18:06:102 INFO  HomePage :34 - Clicking on Bank Manager Login Link : [[ChromeDriver: chrome on WINDOWS (6c9a1c66f786565debf73e8927df902a)] -> xpath: //button[contains(text(),'Bank Manager Login')]]
2021-06-28 18:06:193 INFO  BankManagerLoginPage :24 - Clicking on Add Customer Button : [[ChromeDriver: chrome on WINDOWS (6c9a1c66f786565debf73e8927df902a)] -> xpath: //button[@ng-click='addCust()']]
2021-06-28 18:06:318 INFO  AddCustomerPage :27 - Enter FirstName : [[ChromeDriver: chrome on WINDOWS (6c9a1c66f786565debf73e8927df902a)] -> xpath: //input[@placeholder='First Name']]
2021-06-28 18:06:424 INFO  AddCustomerPage :32 - Enter lastName : [[ChromeDriver: chrome on WINDOWS (6c9a1c66f786565debf73e8927df902a)] -> xpath: //input[@placeholder='Last Name']]
2021-06-28 18:06:527 INFO  AddCustomerPage :37 - Enter Post Code : [[ChromeDriver: chrome on WINDOWS (6c9a1c66f786565debf73e8927df902a)] -> xpath: //input[@placeholder='Post Code']]
2021-06-28 18:06:547 INFO  AddCustomerPage :41 - Click On Add Customer : [[ChromeDriver: chrome on WINDOWS (6c9a1c66f786565debf73e8927df902a)] -> xpath: //button[text()='Add Customer']]
2021-06-28 18:06:739 INFO  BankManagerLoginPage :29 - Clicking on Open Account Button : [[ChromeDriver: chrome on WINDOWS (6c9a1c66f786565debf73e8927df902a)] -> xpath: //button[@ng-click='openAccount()']]
2021-06-28 18:06:906 INFO  OpenAccountPage :25 - Enter Customer Name : [[ChromeDriver: chrome on WINDOWS (6c9a1c66f786565debf73e8927df902a)] -> xpath: //select[@id='userSelect']]
2021-06-28 18:06:72 INFO  OpenAccountPage :30 - Enter Currency : [[ChromeDriver: chrome on WINDOWS (6c9a1c66f786565debf73e8927df902a)] -> xpath: //select[@id='currency']]
2021-06-28 18:06:393 INFO  BasePage :33 - Launching Chrome Browser 
2021-06-28 18:06:139 INFO  HomePage :34 - Clicking on Bank Manager Login Link : [[ChromeDriver: chrome on WINDOWS (09527a0d2f4434ad97b8349d59c14e82)] -> xpath: //button[contains(text(),'Bank Manager Login')]]
2021-06-28 18:06:210 INFO  BankManagerLoginPage :24 - Clicking on Add Customer Button : [[ChromeDriver: chrome on WINDOWS (09527a0d2f4434ad97b8349d59c14e82)] -> xpath: //button[@ng-click='addCust()']]
2021-06-28 18:06:353 INFO  AddCustomerPage :27 - Enter FirstName : [[ChromeDriver: chrome on WINDOWS (09527a0d2f4434ad97b8349d59c14e82)] -> xpath: //input[@placeholder='First Name']]
2021-06-28 18:06:472 INFO  AddCustomerPage :32 - Enter lastName : [[ChromeDriver: chrome on WINDOWS (09527a0d2f4434ad97b8349d59c14e82)] -> xpath: //input[@placeholder='Last Name']]
2021-06-28 18:06:569 INFO  AddCustomerPage :37 - Enter Post Code : [[ChromeDriver: chrome on WINDOWS (09527a0d2f4434ad97b8349d59c14e82)] -> xpath: //input[@placeholder='Post Code']]
2021-06-28 18:06:591 INFO  AddCustomerPage :41 - Click On Add Customer : [[ChromeDriver: chrome on WINDOWS (09527a0d2f4434ad97b8349d59c14e82)] -> xpath: //button[text()='Add Customer']]
2021-06-28 18:06:774 INFO  BankManagerLoginPage :29 - Clicking on Open Account Button : [[ChromeDriver: chrome on WINDOWS (09527a0d2f4434ad97b8349d59c14e82)] -> xpath: //button[@ng-click='openAccount()']]
2021-06-28 18:06:954 INFO  OpenAccountPage :25 - Enter Customer Name : [[ChromeDriver: chrome on WINDOWS (09527a0d2f4434ad97b8349d59c14e82)] -> xpath: //select[@id='userSelect']]
2021-06-28 18:06:97 INFO  OpenAccountPage :30 - Enter Currency : [[ChromeDriver: chrome on WINDOWS (09527a0d2f4434ad97b8349d59c14e82)] -> xpath: //select[@id='currency']]
2021-06-28 18:06:288 INFO  BasePage :33 - Launching Chrome Browser 
2021-06-28 18:06:591 INFO  HomePage :34 - Clicking on Bank Manager Login Link : [[ChromeDriver: chrome on WINDOWS (f5abdf123d8401ae7a86148dd6c834ce)] -> xpath: //button[contains(text(),'Bank Manager Login')]]
2021-06-28 18:06:707 INFO  BankManagerLoginPage :24 - Clicking on Add Customer Button : [[ChromeDriver: chrome on WINDOWS (f5abdf123d8401ae7a86148dd6c834ce)] -> xpath: //button[@ng-click='addCust()']]
2021-06-28 18:06:883 INFO  AddCustomerPage :27 - Enter FirstName : [[ChromeDriver: chrome on WINDOWS (f5abdf123d8401ae7a86148dd6c834ce)] -> xpath: //input[@placeholder='First Name']]
2021-06-28 18:06:998 INFO  AddCustomerPage :32 - Enter lastName : [[ChromeDriver: chrome on WINDOWS (f5abdf123d8401ae7a86148dd6c834ce)] -> xpath: //input[@placeholder='Last Name']]
2021-06-28 18:06:115 INFO  AddCustomerPage :37 - Enter Post Code : [[ChromeDriver: chrome on WINDOWS (f5abdf123d8401ae7a86148dd6c834ce)] -> xpath: //input[@placeholder='Post Code']]
2021-06-28 18:06:151 INFO  AddCustomerPage :41 - Click On Add Customer : [[ChromeDriver: chrome on WINDOWS (f5abdf123d8401ae7a86148dd6c834ce)] -> xpath: //button[text()='Add Customer']]
2021-06-28 18:06:341 INFO  BankManagerLoginPage :29 - Clicking on Open Account Button : [[ChromeDriver: chrome on WINDOWS (f5abdf123d8401ae7a86148dd6c834ce)] -> xpath: //button[@ng-click='openAccount()']]
2021-06-28 18:06:523 INFO  OpenAccountPage :25 - Enter Customer Name : [[ChromeDriver: chrome on WINDOWS (f5abdf123d8401ae7a86148dd6c834ce)] -> xpath: //select[@id='userSelect']]
2021-06-28 18:06:700 INFO  OpenAccountPage :30 - Enter Currency : [[ChromeDriver: chrome on WINDOWS (f5abdf123d8401ae7a86148dd6c834ce)] -> xpath: //select[@id='currency']]
2021-06-28 19:06:09 INFO  BasePage :33 - Launching Chrome Browser 
2021-06-28 19:06:931 INFO  HomePage :34 - Clicking on Bank Manager Login Link : [[ChromeDriver: chrome on WINDOWS (41ee7605a6c4d72de403351a69fb9d2d)] -> xpath: //button[contains(text(),'Bank Manager Login')]]
2021-06-28 19:06:37 INFO  BankManagerLoginPage :24 - Clicking on Add Customer Button : [[ChromeDriver: chrome on WINDOWS (41ee7605a6c4d72de403351a69fb9d2d)] -> xpath: //button[@ng-click='addCust()']]
2021-06-28 19:06:154 INFO  AddCustomerPage :27 - Enter FirstName : [[ChromeDriver: chrome on WINDOWS (41ee7605a6c4d72de403351a69fb9d2d)] -> xpath: //input[@placeholder='First Name']]
2021-06-28 19:06:254 INFO  AddCustomerPage :32 - Enter lastName : [[ChromeDriver: chrome on WINDOWS (41ee7605a6c4d72de403351a69fb9d2d)] -> xpath: //input[@placeholder='Last Name']]
2021-06-28 19:06:354 INFO  AddCustomerPage :37 - Enter Post Code : [[ChromeDriver: chrome on WINDOWS (41ee7605a6c4d72de403351a69fb9d2d)] -> xpath: //input[@placeholder='Post Code']]
2021-06-28 19:06:372 INFO  AddCustomerPage :41 - Click On Add Customer : [[ChromeDriver: chrome on WINDOWS (41ee7605a6c4d72de403351a69fb9d2d)] -> xpath: //button[text()='Add Customer']]
2021-06-28 19:06:596 INFO  BankManagerLoginPage :29 - Clicking on Open Account Button : [[ChromeDriver: chrome on WINDOWS (41ee7605a6c4d72de403351a69fb9d2d)] -> xpath: //button[@ng-click='openAccount()']]
2021-06-28 19:06:790 INFO  OpenAccountPage :25 - Enter Customer Name : [[ChromeDriver: chrome on WINDOWS (41ee7605a6c4d72de403351a69fb9d2d)] -> xpath: //select[@id='userSelect']]
2021-06-28 19:06:955 INFO  OpenAccountPage :30 - Enter Currency : [[ChromeDriver: chrome on WINDOWS (41ee7605a6c4d72de403351a69fb9d2d)] -> xpath: //select[@id='currency']]
2021-06-28 19:06:979 INFO  OpenAccountPage :34 - Click ON Process Button : [[ChromeDriver: chrome on WINDOWS (41ee7605a6c4d72de403351a69fb9d2d)] -> xpath: //button[contains(text(),'Process')]]
2021-06-28 19:06:192 INFO  HomePage :24 - Clicking on Home Page : [[ChromeDriver: chrome on WINDOWS (41ee7605a6c4d72de403351a69fb9d2d)] -> xpath: //button[contains(text(),'Home')]]
2021-06-28 19:06:275 INFO  HomePage :29 - Clicking on Customer Log In Link : [[ChromeDriver: chrome on WINDOWS (41ee7605a6c4d72de403351a69fb9d2d)] -> xpath: //button[contains(text(),'Customer Login')]]
2021-06-28 19:06:437 INFO  OpenAccountPage :25 - Enter Customer Name : [[ChromeDriver: chrome on WINDOWS (41ee7605a6c4d72de403351a69fb9d2d)] -> xpath: //select[@id='userSelect']]
2021-06-28 19:06:513 INFO  CustomerLoginPage :31 - Clicking on Login Button : [[ChromeDriver: chrome on WINDOWS (41ee7605a6c4d72de403351a69fb9d2d)] -> xpath: //button[contains(text(),'Login')]]
2021-06-28 19:06:613 INFO  AccountPage :30 - Clicking on Deposite Tab : [[ChromeDriver: chrome on WINDOWS (41ee7605a6c4d72de403351a69fb9d2d)] -> xpath: //button[@ng-click='deposit()']]
2021-06-28 19:06:711 INFO  AccountPage :34 - Enter YourName : [[ChromeDriver: chrome on WINDOWS (41ee7605a6c4d72de403351a69fb9d2d)] -> xpath: //input[@placeholder= 'amount']]
2021-06-28 19:06:818 INFO  AccountPage :38 - Clicking on Deposite Button : [[ChromeDriver: chrome on WINDOWS (41ee7605a6c4d72de403351a69fb9d2d)] -> xpath: //button[text()='Deposit']]
2021-06-28 19:06:851 INFO  AccountPage :41 - Verify Deposite Text : [[ChromeDriver: chrome on WINDOWS (41ee7605a6c4d72de403351a69fb9d2d)] -> xpath: //span[contains(text(),'Deposit Successful')]]
2021-06-28 19:06:945 INFO  HomePage :24 - Clicking on Home Page : [[ChromeDriver: chrome on WINDOWS (41ee7605a6c4d72de403351a69fb9d2d)] -> xpath: //button[contains(text(),'Home')]]
2021-06-28 19:06:142 INFO  HomePage :29 - Clicking on Customer Log In Link : Proxy element for: DefaultElementLocator 'By.xpath: //button[contains(text(),'Customer Login')]'
2021-06-28 19:06:304 INFO  OpenAccountPage :25 - Enter Customer Name : [[ChromeDriver: chrome on WINDOWS (41ee7605a6c4d72de403351a69fb9d2d)] -> xpath: //select[@id='userSelect']]
2021-06-28 19:06:423 INFO  CustomerLoginPage :31 - Clicking on Login Button : Proxy element for: DefaultElementLocator 'By.xpath: //button[contains(text(),'Login')]'
2021-06-28 19:06:557 INFO  AccountPage :46 - Clicking on Withdrawl Tab : [[ChromeDriver: chrome on WINDOWS (41ee7605a6c4d72de403351a69fb9d2d)] -> xpath: //button[@ng-click='withdrawl()']]
2021-06-28 19:06:644 INFO  AccountPage :34 - Enter YourName : [[ChromeDriver: chrome on WINDOWS (41ee7605a6c4d72de403351a69fb9d2d)] -> xpath: //input[@placeholder= 'amount']]
2021-06-28 19:06:745 INFO  AccountPage :50 - Clicking on Withdrawl Button : [[ChromeDriver: chrome on WINDOWS (41ee7605a6c4d72de403351a69fb9d2d)] -> xpath: //body/div[3]/div[1]/div[2]/div[1]/div[4]/div[1]/form[1]/button[1]]
2021-06-28 19:06:784 INFO  AccountPage :53 - Verify Withdrawl Text : [[ChromeDriver: chrome on WINDOWS (41ee7605a6c4d72de403351a69fb9d2d)] -> xpath: //span[contains(text(),'Transaction successful')]]
2021-06-28 19:06:563 INFO  BasePage :33 - Launching Chrome Browser 
2021-06-28 19:06:762 INFO  HomePage :34 - Clicking on Bank Manager Login Link : [[ChromeDriver: chrome on WINDOWS (d15bbc7369038c46fc13eb9470e24e34)] -> xpath: //button[contains(text(),'Bank Manager Login')]]
2021-06-28 19:06:856 INFO  BankManagerLoginPage :24 - Clicking on Add Customer Button : [[ChromeDriver: chrome on WINDOWS (d15bbc7369038c46fc13eb9470e24e34)] -> xpath: //button[@ng-click='addCust()']]
2021-06-28 19:06:24 INFO  AddCustomerPage :27 - Enter FirstName : [[ChromeDriver: chrome on WINDOWS (d15bbc7369038c46fc13eb9470e24e34)] -> xpath: //input[@placeholder='First Name']]
2021-06-28 19:06:138 INFO  AddCustomerPage :32 - Enter lastName : [[ChromeDriver: chrome on WINDOWS (d15bbc7369038c46fc13eb9470e24e34)] -> xpath: //input[@placeholder='Last Name']]
2021-06-28 19:06:241 INFO  AddCustomerPage :37 - Enter Post Code : [[ChromeDriver: chrome on WINDOWS (d15bbc7369038c46fc13eb9470e24e34)] -> xpath: //input[@placeholder='Post Code']]
2021-06-28 19:06:276 INFO  AddCustomerPage :41 - Click On Add Customer : [[ChromeDriver: chrome on WINDOWS (d15bbc7369038c46fc13eb9470e24e34)] -> xpath: //button[text()='Add Customer']]
2021-06-28 19:06:449 INFO  BasePage :33 - Launching Chrome Browser 
2021-06-28 19:06:177 INFO  HomePage :34 - Clicking on Bank Manager Login Link : [[ChromeDriver: chrome on WINDOWS (74124b8ea5ff6cf35653236c3539a367)] -> xpath: //button[contains(text(),'Bank Manager Login')]]
2021-06-28 19:06:280 INFO  BankManagerLoginPage :24 - Clicking on Add Customer Button : [[ChromeDriver: chrome on WINDOWS (74124b8ea5ff6cf35653236c3539a367)] -> xpath: //button[@ng-click='addCust()']]
2021-06-28 19:06:394 INFO  AddCustomerPage :27 - Enter FirstName : [[ChromeDriver: chrome on WINDOWS (74124b8ea5ff6cf35653236c3539a367)] -> xpath: //input[@placeholder='First Name']]
2021-06-28 19:06:486 INFO  AddCustomerPage :32 - Enter lastName : [[ChromeDriver: chrome on WINDOWS (74124b8ea5ff6cf35653236c3539a367)] -> xpath: //input[@placeholder='Last Name']]
2021-06-28 19:06:600 INFO  AddCustomerPage :37 - Enter Post Code : [[ChromeDriver: chrome on WINDOWS (74124b8ea5ff6cf35653236c3539a367)] -> xpath: //input[@placeholder='Post Code']]
2021-06-28 19:06:635 INFO  AddCustomerPage :41 - Click On Add Customer : [[ChromeDriver: chrome on WINDOWS (74124b8ea5ff6cf35653236c3539a367)] -> xpath: //button[text()='Add Customer']]
2021-06-28 19:06:831 INFO  BankManagerLoginPage :29 - Clicking on Open Account Button : [[ChromeDriver: chrome on WINDOWS (74124b8ea5ff6cf35653236c3539a367)] -> xpath: //button[@ng-click='openAccount()']]
2021-06-28 19:06:31 INFO  OpenAccountPage :25 - Enter Customer Name : [[ChromeDriver: chrome on WINDOWS (74124b8ea5ff6cf35653236c3539a367)] -> xpath: //select[@id='userSelect']]
2021-06-28 19:06:194 INFO  OpenAccountPage :30 - Enter Currency : [[ChromeDriver: chrome on WINDOWS (74124b8ea5ff6cf35653236c3539a367)] -> xpath: //select[@id='currency']]
2021-06-28 19:06:236 INFO  OpenAccountPage :34 - Click ON Process Button : [[ChromeDriver: chrome on WINDOWS (74124b8ea5ff6cf35653236c3539a367)] -> xpath: //button[contains(text(),'Process')]]
2021-06-28 19:06:319 INFO  BasePage :33 - Launching Chrome Browser 
2021-06-28 19:06:364 INFO  HomePage :34 - Clicking on Bank Manager Login Link : [[ChromeDriver: chrome on WINDOWS (d00350787d7bf1697aecb63fef9e5ae5)] -> xpath: //button[contains(text(),'Bank Manager Login')]]
2021-06-28 19:06:464 INFO  BankManagerLoginPage :24 - Clicking on Add Customer Button : [[ChromeDriver: chrome on WINDOWS (d00350787d7bf1697aecb63fef9e5ae5)] -> xpath: //button[@ng-click='addCust()']]
2021-06-28 19:06:586 INFO  AddCustomerPage :27 - Enter FirstName : [[ChromeDriver: chrome on WINDOWS (d00350787d7bf1697aecb63fef9e5ae5)] -> xpath: //input[@placeholder='First Name']]
2021-06-28 19:06:699 INFO  AddCustomerPage :32 - Enter lastName : [[ChromeDriver: chrome on WINDOWS (d00350787d7bf1697aecb63fef9e5ae5)] -> xpath: //input[@placeholder='Last Name']]
2021-06-28 19:06:814 INFO  AddCustomerPage :37 - Enter Post Code : [[ChromeDriver: chrome on WINDOWS (d00350787d7bf1697aecb63fef9e5ae5)] -> xpath: //input[@placeholder='Post Code']]
2021-06-28 19:06:830 INFO  AddCustomerPage :41 - Click On Add Customer : [[ChromeDriver: chrome on WINDOWS (d00350787d7bf1697aecb63fef9e5ae5)] -> xpath: //button[text()='Add Customer']]
2021-06-28 19:06:21 INFO  HomePage :24 - Clicking on Home Page : [[ChromeDriver: chrome on WINDOWS (d00350787d7bf1697aecb63fef9e5ae5)] -> xpath: //button[contains(text(),'Home')]]
2021-06-28 19:06:120 INFO  HomePage :29 - Clicking on Customer Log In Link : [[ChromeDriver: chrome on WINDOWS (d00350787d7bf1697aecb63fef9e5ae5)] -> xpath: //button[contains(text(),'Customer Login')]]
2021-06-28 19:06:286 INFO  OpenAccountPage :25 - Enter Customer Name : [[ChromeDriver: chrome on WINDOWS (d00350787d7bf1697aecb63fef9e5ae5)] -> xpath: //select[@id='userSelect']]
2021-06-28 19:06:385 INFO  CustomerLoginPage :31 - Clicking on Login Button : [[ChromeDriver: chrome on WINDOWS (d00350787d7bf1697aecb63fef9e5ae5)] -> xpath: //button[contains(text(),'Login')]]
2021-06-28 19:06:414 INFO  CustomerLoginPage :34 - Verify LogOut Text : [[ChromeDriver: chrome on WINDOWS (d00350787d7bf1697aecb63fef9e5ae5)] -> xpath: //button[contains(text(),'Logout')]]
2021-06-28 19:06:560 INFO  CustomerLoginPage :39 - Clicking on Logout Button : [[ChromeDriver: chrome on WINDOWS (d00350787d7bf1697aecb63fef9e5ae5)] -> xpath: //button[contains(text(),'Logout')]]
2021-06-28 19:06:600 INFO  CustomerLoginPage :42 - Verify Your Name Text : [[ChromeDriver: chrome on WINDOWS (d00350787d7bf1697aecb63fef9e5ae5)] -> xpath: //label[contains(text(),'Your Name :')]]
2021-06-28 19:06:976 INFO  BasePage :33 - Launching Chrome Browser 
2021-06-28 19:06:135 INFO  HomePage :34 - Clicking on Bank Manager Login Link : [[ChromeDriver: chrome on WINDOWS (3a68a58ab900542c32df693ec669bca5)] -> xpath: //button[contains(text(),'Bank Manager Login')]]
2021-06-28 19:06:234 INFO  BankManagerLoginPage :24 - Clicking on Add Customer Button : [[ChromeDriver: chrome on WINDOWS (3a68a58ab900542c32df693ec669bca5)] -> xpath: //button[@ng-click='addCust()']]
2021-06-28 19:06:351 INFO  AddCustomerPage :27 - Enter FirstName : [[ChromeDriver: chrome on WINDOWS (3a68a58ab900542c32df693ec669bca5)] -> xpath: //input[@placeholder='First Name']]
2021-06-28 19:06:452 INFO  AddCustomerPage :32 - Enter lastName : [[ChromeDriver: chrome on WINDOWS (3a68a58ab900542c32df693ec669bca5)] -> xpath: //input[@placeholder='Last Name']]
2021-06-28 19:06:561 INFO  AddCustomerPage :37 - Enter Post Code : [[ChromeDriver: chrome on WINDOWS (3a68a58ab900542c32df693ec669bca5)] -> xpath: //input[@placeholder='Post Code']]
2021-06-28 19:06:584 INFO  AddCustomerPage :41 - Click On Add Customer : [[ChromeDriver: chrome on WINDOWS (3a68a58ab900542c32df693ec669bca5)] -> xpath: //button[text()='Add Customer']]
2021-06-28 19:06:800 INFO  BankManagerLoginPage :29 - Clicking on Open Account Button : [[ChromeDriver: chrome on WINDOWS (3a68a58ab900542c32df693ec669bca5)] -> xpath: //button[@ng-click='openAccount()']]
2021-06-28 19:06:966 INFO  OpenAccountPage :25 - Enter Customer Name : [[ChromeDriver: chrome on WINDOWS (3a68a58ab900542c32df693ec669bca5)] -> xpath: //select[@id='userSelect']]
2021-06-28 19:06:117 INFO  OpenAccountPage :30 - Enter Currency : [[ChromeDriver: chrome on WINDOWS (3a68a58ab900542c32df693ec669bca5)] -> xpath: //select[@id='currency']]
2021-06-28 19:06:159 INFO  OpenAccountPage :34 - Click ON Process Button : [[ChromeDriver: chrome on WINDOWS (3a68a58ab900542c32df693ec669bca5)] -> xpath: //button[contains(text(),'Process')]]
2021-06-28 19:06:346 INFO  HomePage :24 - Clicking on Home Page : [[ChromeDriver: chrome on WINDOWS (3a68a58ab900542c32df693ec669bca5)] -> xpath: //button[contains(text(),'Home')]]
2021-06-28 19:06:440 INFO  HomePage :29 - Clicking on Customer Log In Link : [[ChromeDriver: chrome on WINDOWS (3a68a58ab900542c32df693ec669bca5)] -> xpath: //button[contains(text(),'Customer Login')]]
2021-06-28 19:06:585 INFO  OpenAccountPage :25 - Enter Customer Name : [[ChromeDriver: chrome on WINDOWS (3a68a58ab900542c32df693ec669bca5)] -> xpath: //select[@id='userSelect']]
2021-06-28 19:06:659 INFO  CustomerLoginPage :31 - Clicking on Login Button : [[ChromeDriver: chrome on WINDOWS (3a68a58ab900542c32df693ec669bca5)] -> xpath: //button[contains(text(),'Login')]]
2021-06-28 19:06:748 INFO  AccountPage :30 - Clicking on Deposite Tab : [[ChromeDriver: chrome on WINDOWS (3a68a58ab900542c32df693ec669bca5)] -> xpath: //button[@ng-click='deposit()']]
2021-06-28 19:06:846 INFO  AccountPage :34 - Enter YourName : [[ChromeDriver: chrome on WINDOWS (3a68a58ab900542c32df693ec669bca5)] -> xpath: //input[@placeholder= 'amount']]
2021-06-28 19:06:915 INFO  AccountPage :38 - Clicking on Deposite Button : [[ChromeDriver: chrome on WINDOWS (3a68a58ab900542c32df693ec669bca5)] -> xpath: //button[text()='Deposit']]
2021-06-28 19:06:934 INFO  AccountPage :41 - Verify Deposite Text : [[ChromeDriver: chrome on WINDOWS (3a68a58ab900542c32df693ec669bca5)] -> xpath: //span[contains(text(),'Deposit Successful')]]
2021-06-28 19:06:963 INFO  BasePage :33 - Launching Chrome Browser 
2021-06-28 19:06:127 INFO  HomePage :34 - Clicking on Bank Manager Login Link : [[ChromeDriver: chrome on WINDOWS (d95148707f001cc3e04793322c7b34d2)] -> xpath: //button[contains(text(),'Bank Manager Login')]]
2021-06-28 19:06:214 INFO  BankManagerLoginPage :24 - Clicking on Add Customer Button : [[ChromeDriver: chrome on WINDOWS (d95148707f001cc3e04793322c7b34d2)] -> xpath: //button[@ng-click='addCust()']]
2021-06-28 19:06:329 INFO  AddCustomerPage :27 - Enter FirstName : [[ChromeDriver: chrome on WINDOWS (d95148707f001cc3e04793322c7b34d2)] -> xpath: //input[@placeholder='First Name']]
2021-06-28 19:06:414 INFO  AddCustomerPage :32 - Enter lastName : [[ChromeDriver: chrome on WINDOWS (d95148707f001cc3e04793322c7b34d2)] -> xpath: //input[@placeholder='Last Name']]
2021-06-28 19:06:516 INFO  AddCustomerPage :37 - Enter Post Code : [[ChromeDriver: chrome on WINDOWS (d95148707f001cc3e04793322c7b34d2)] -> xpath: //input[@placeholder='Post Code']]
2021-06-28 19:06:533 INFO  AddCustomerPage :41 - Click On Add Customer : [[ChromeDriver: chrome on WINDOWS (d95148707f001cc3e04793322c7b34d2)] -> xpath: //button[text()='Add Customer']]
2021-06-28 19:06:716 INFO  BankManagerLoginPage :29 - Clicking on Open Account Button : [[ChromeDriver: chrome on WINDOWS (d95148707f001cc3e04793322c7b34d2)] -> xpath: //button[@ng-click='openAccount()']]
2021-06-28 19:06:862 INFO  OpenAccountPage :25 - Enter Customer Name : [[ChromeDriver: chrome on WINDOWS (d95148707f001cc3e04793322c7b34d2)] -> xpath: //select[@id='userSelect']]
2021-06-28 19:06:23 INFO  OpenAccountPage :30 - Enter Currency : [[ChromeDriver: chrome on WINDOWS (d95148707f001cc3e04793322c7b34d2)] -> xpath: //select[@id='currency']]
2021-06-28 19:06:57 INFO  OpenAccountPage :34 - Click ON Process Button : [[ChromeDriver: chrome on WINDOWS (d95148707f001cc3e04793322c7b34d2)] -> xpath: //button[contains(text(),'Process')]]
2021-06-28 19:06:235 INFO  HomePage :24 - Clicking on Home Page : [[ChromeDriver: chrome on WINDOWS (d95148707f001cc3e04793322c7b34d2)] -> xpath: //button[contains(text(),'Home')]]
2021-06-28 19:06:331 INFO  HomePage :29 - Clicking on Customer Log In Link : [[ChromeDriver: chrome on WINDOWS (d95148707f001cc3e04793322c7b34d2)] -> xpath: //button[contains(text(),'Customer Login')]]
2021-06-28 19:06:476 INFO  OpenAccountPage :25 - Enter Customer Name : [[ChromeDriver: chrome on WINDOWS (d95148707f001cc3e04793322c7b34d2)] -> xpath: //select[@id='userSelect']]
2021-06-28 19:06:579 INFO  CustomerLoginPage :31 - Clicking on Login Button : [[ChromeDriver: chrome on WINDOWS (d95148707f001cc3e04793322c7b34d2)] -> xpath: //button[contains(text(),'Login')]]
2021-06-28 19:06:675 INFO  AccountPage :30 - Clicking on Deposite Tab : [[ChromeDriver: chrome on WINDOWS (d95148707f001cc3e04793322c7b34d2)] -> xpath: //button[@ng-click='deposit()']]
2021-06-28 19:06:769 INFO  AccountPage :34 - Enter YourName : [[ChromeDriver: chrome on WINDOWS (d95148707f001cc3e04793322c7b34d2)] -> xpath: //input[@placeholder= 'amount']]
2021-06-28 19:06:846 INFO  AccountPage :38 - Clicking on Deposite Button : [[ChromeDriver: chrome on WINDOWS (d95148707f001cc3e04793322c7b34d2)] -> xpath: //button[text()='Deposit']]
2021-06-28 19:06:866 INFO  AccountPage :41 - Verify Deposite Text : [[ChromeDriver: chrome on WINDOWS (d95148707f001cc3e04793322c7b34d2)] -> xpath: //span[contains(text(),'Deposit Successful')]]
2021-06-28 19:06:968 INFO  HomePage :24 - Clicking on Home Page : [[ChromeDriver: chrome on WINDOWS (d95148707f001cc3e04793322c7b34d2)] -> xpath: //button[contains(text(),'Home')]]
2021-06-28 19:06:188 INFO  HomePage :29 - Clicking on Customer Log In Link : Proxy element for: DefaultElementLocator 'By.xpath: //button[contains(text(),'Customer Login')]'
2021-06-28 19:06:334 INFO  OpenAccountPage :25 - Enter Customer Name : [[ChromeDriver: chrome on WINDOWS (d95148707f001cc3e04793322c7b34d2)] -> xpath: //select[@id='userSelect']]
2021-06-28 19:06:504 INFO  CustomerLoginPage :31 - Clicking on Login Button : Proxy element for: DefaultElementLocator 'By.xpath: //button[contains(text(),'Login')]'
2021-06-28 19:06:592 INFO  AccountPage :46 - Clicking on Withdrawl Tab : [[ChromeDriver: chrome on WINDOWS (d95148707f001cc3e04793322c7b34d2)] -> xpath: //button[@ng-click='withdrawl()']]
2021-06-28 19:06:680 INFO  AccountPage :34 - Enter YourName : [[ChromeDriver: chrome on WINDOWS (d95148707f001cc3e04793322c7b34d2)] -> xpath: //input[@placeholder= 'amount']]
2021-06-28 19:06:757 INFO  AccountPage :50 - Clicking on Withdrawl Button : [[ChromeDriver: chrome on WINDOWS (d95148707f001cc3e04793322c7b34d2)] -> xpath: //body/div[3]/div[1]/div[2]/div[1]/div[4]/div[1]/form[1]/button[1]]
2021-06-28 19:06:802 INFO  AccountPage :53 - Verify Withdrawl Text : [[ChromeDriver: chrome on WINDOWS (d95148707f001cc3e04793322c7b34d2)] -> xpath: //span[contains(text(),'Transaction successful')]]
2021-06-28 19:06:759 INFO  BasePage :33 - Launching Chrome Browser 
2021-06-28 19:06:660 INFO  HomePage :34 - Clicking on Bank Manager Login Link : [[ChromeDriver: chrome on WINDOWS (4abd9d9e5b65efba7eebbb0633bb6974)] -> xpath: //button[contains(text(),'Bank Manager Login')]]
2021-06-28 19:06:763 INFO  BankManagerLoginPage :24 - Clicking on Add Customer Button : [[ChromeDriver: chrome on WINDOWS (4abd9d9e5b65efba7eebbb0633bb6974)] -> xpath: //button[@ng-click='addCust()']]
2021-06-28 19:06:879 INFO  AddCustomerPage :27 - Enter FirstName : [[ChromeDriver: chrome on WINDOWS (4abd9d9e5b65efba7eebbb0633bb6974)] -> xpath: //input[@placeholder='First Name']]
2021-06-28 19:06:993 INFO  AddCustomerPage :32 - Enter lastName : [[ChromeDriver: chrome on WINDOWS (4abd9d9e5b65efba7eebbb0633bb6974)] -> xpath: //input[@placeholder='Last Name']]
2021-06-28 19:06:110 INFO  AddCustomerPage :37 - Enter Post Code : [[ChromeDriver: chrome on WINDOWS (4abd9d9e5b65efba7eebbb0633bb6974)] -> xpath: //input[@placeholder='Post Code']]
2021-06-28 19:06:146 INFO  AddCustomerPage :41 - Click On Add Customer : [[ChromeDriver: chrome on WINDOWS (4abd9d9e5b65efba7eebbb0633bb6974)] -> xpath: //button[text()='Add Customer']]
2021-06-28 19:06:329 INFO  BasePage :33 - Launching Chrome Browser 
2021-06-28 19:06:74 INFO  HomePage :34 - Clicking on Bank Manager Login Link : [[ChromeDriver: chrome on WINDOWS (cec0acc6a2c29408a219fee48007e39a)] -> xpath: //button[contains(text(),'Bank Manager Login')]]
2021-06-28 19:06:176 INFO  BankManagerLoginPage :24 - Clicking on Add Customer Button : [[ChromeDriver: chrome on WINDOWS (cec0acc6a2c29408a219fee48007e39a)] -> xpath: //button[@ng-click='addCust()']]
2021-06-28 19:06:310 INFO  AddCustomerPage :27 - Enter FirstName : [[ChromeDriver: chrome on WINDOWS (cec0acc6a2c29408a219fee48007e39a)] -> xpath: //input[@placeholder='First Name']]
2021-06-28 19:06:429 INFO  AddCustomerPage :32 - Enter lastName : [[ChromeDriver: chrome on WINDOWS (cec0acc6a2c29408a219fee48007e39a)] -> xpath: //input[@placeholder='Last Name']]
2021-06-28 19:06:513 INFO  AddCustomerPage :37 - Enter Post Code : [[ChromeDriver: chrome on WINDOWS (cec0acc6a2c29408a219fee48007e39a)] -> xpath: //input[@placeholder='Post Code']]
2021-06-28 19:06:533 INFO  AddCustomerPage :41 - Click On Add Customer : [[ChromeDriver: chrome on WINDOWS (cec0acc6a2c29408a219fee48007e39a)] -> xpath: //button[text()='Add Customer']]
2021-06-28 19:06:719 INFO  BankManagerLoginPage :29 - Clicking on Open Account Button : [[ChromeDriver: chrome on WINDOWS (cec0acc6a2c29408a219fee48007e39a)] -> xpath: //button[@ng-click='openAccount()']]
2021-06-28 19:06:897 INFO  OpenAccountPage :25 - Enter Customer Name : [[ChromeDriver: chrome on WINDOWS (cec0acc6a2c29408a219fee48007e39a)] -> xpath: //select[@id='userSelect']]
2021-06-28 19:06:79 INFO  OpenAccountPage :30 - Enter Currency : [[ChromeDriver: chrome on WINDOWS (cec0acc6a2c29408a219fee48007e39a)] -> xpath: //select[@id='currency']]
2021-06-28 19:06:120 INFO  OpenAccountPage :34 - Click ON Process Button : [[ChromeDriver: chrome on WINDOWS (cec0acc6a2c29408a219fee48007e39a)] -> xpath: //button[contains(text(),'Process')]]
2021-06-28 19:06:267 INFO  BasePage :33 - Launching Chrome Browser 
2021-06-28 19:06:135 INFO  HomePage :34 - Clicking on Bank Manager Login Link : [[ChromeDriver: chrome on WINDOWS (cbd65761730026f82a1c4ebf738ad0ca)] -> xpath: //button[contains(text(),'Bank Manager Login')]]
2021-06-28 19:06:233 INFO  BankManagerLoginPage :24 - Clicking on Add Customer Button : [[ChromeDriver: chrome on WINDOWS (cbd65761730026f82a1c4ebf738ad0ca)] -> xpath: //button[@ng-click='addCust()']]
2021-06-28 19:06:328 INFO  AddCustomerPage :27 - Enter FirstName : [[ChromeDriver: chrome on WINDOWS (cbd65761730026f82a1c4ebf738ad0ca)] -> xpath: //input[@placeholder='First Name']]
2021-06-28 19:06:448 INFO  AddCustomerPage :32 - Enter lastName : [[ChromeDriver: chrome on WINDOWS (cbd65761730026f82a1c4ebf738ad0ca)] -> xpath: //input[@placeholder='Last Name']]
2021-06-28 19:06:551 INFO  AddCustomerPage :37 - Enter Post Code : [[ChromeDriver: chrome on WINDOWS (cbd65761730026f82a1c4ebf738ad0ca)] -> xpath: //input[@placeholder='Post Code']]
2021-06-28 19:06:570 INFO  AddCustomerPage :41 - Click On Add Customer : [[ChromeDriver: chrome on WINDOWS (cbd65761730026f82a1c4ebf738ad0ca)] -> xpath: //button[text()='Add Customer']]
2021-06-28 19:06:782 INFO  HomePage :24 - Clicking on Home Page : [[ChromeDriver: chrome on WINDOWS (cbd65761730026f82a1c4ebf738ad0ca)] -> xpath: //button[contains(text(),'Home')]]
2021-06-28 19:06:881 INFO  HomePage :29 - Clicking on Customer Log In Link : [[ChromeDriver: chrome on WINDOWS (cbd65761730026f82a1c4ebf738ad0ca)] -> xpath: //button[contains(text(),'Customer Login')]]
2021-06-28 19:06:44 INFO  OpenAccountPage :25 - Enter Customer Name : [[ChromeDriver: chrome on WINDOWS (cbd65761730026f82a1c4ebf738ad0ca)] -> xpath: //select[@id='userSelect']]
2021-06-28 19:06:141 INFO  CustomerLoginPage :31 - Clicking on Login Button : [[ChromeDriver: chrome on WINDOWS (cbd65761730026f82a1c4ebf738ad0ca)] -> xpath: //button[contains(text(),'Login')]]
2021-06-28 19:06:169 INFO  CustomerLoginPage :34 - Verify LogOut Text : [[ChromeDriver: chrome on WINDOWS (cbd65761730026f82a1c4ebf738ad0ca)] -> xpath: //button[contains(text(),'Logout')]]
2021-06-28 19:06:317 INFO  CustomerLoginPage :39 - Clicking on Logout Button : [[ChromeDriver: chrome on WINDOWS (cbd65761730026f82a1c4ebf738ad0ca)] -> xpath: //button[contains(text(),'Logout')]]
2021-06-28 19:06:347 INFO  CustomerLoginPage :42 - Verify Your Name Text : [[ChromeDriver: chrome on WINDOWS (cbd65761730026f82a1c4ebf738ad0ca)] -> xpath: //label[contains(text(),'Your Name :')]]
2021-06-28 19:06:343 INFO  BasePage :33 - Launching Chrome Browser 
2021-06-28 19:06:45 INFO  HomePage :34 - Clicking on Bank Manager Login Link : [[ChromeDriver: chrome on WINDOWS (da2c6a789855980ccaa9aa4ae29b3aa4)] -> xpath: //button[contains(text(),'Bank Manager Login')]]
2021-06-28 19:06:153 INFO  BankManagerLoginPage :24 - Clicking on Add Customer Button : [[ChromeDriver: chrome on WINDOWS (da2c6a789855980ccaa9aa4ae29b3aa4)] -> xpath: //button[@ng-click='addCust()']]
2021-06-28 19:06:263 INFO  AddCustomerPage :27 - Enter FirstName : [[ChromeDriver: chrome on WINDOWS (da2c6a789855980ccaa9aa4ae29b3aa4)] -> xpath: //input[@placeholder='First Name']]
2021-06-28 19:06:379 INFO  AddCustomerPage :32 - Enter lastName : [[ChromeDriver: chrome on WINDOWS (da2c6a789855980ccaa9aa4ae29b3aa4)] -> xpath: //input[@placeholder='Last Name']]
2021-06-28 19:06:479 INFO  AddCustomerPage :37 - Enter Post Code : [[ChromeDriver: chrome on WINDOWS (da2c6a789855980ccaa9aa4ae29b3aa4)] -> xpath: //input[@placeholder='Post Code']]
2021-06-28 19:06:496 INFO  AddCustomerPage :41 - Click On Add Customer : [[ChromeDriver: chrome on WINDOWS (da2c6a789855980ccaa9aa4ae29b3aa4)] -> xpath: //button[text()='Add Customer']]
2021-06-28 19:06:693 INFO  BankManagerLoginPage :29 - Clicking on Open Account Button : [[ChromeDriver: chrome on WINDOWS (da2c6a789855980ccaa9aa4ae29b3aa4)] -> xpath: //button[@ng-click='openAccount()']]
2021-06-28 19:06:916 INFO  OpenAccountPage :25 - Enter Customer Name : [[ChromeDriver: chrome on WINDOWS (da2c6a789855980ccaa9aa4ae29b3aa4)] -> xpath: //select[@id='userSelect']]
2021-06-28 19:06:87 INFO  OpenAccountPage :30 - Enter Currency : [[ChromeDriver: chrome on WINDOWS (da2c6a789855980ccaa9aa4ae29b3aa4)] -> xpath: //select[@id='currency']]
2021-06-28 19:06:129 INFO  OpenAccountPage :34 - Click ON Process Button : [[ChromeDriver: chrome on WINDOWS (da2c6a789855980ccaa9aa4ae29b3aa4)] -> xpath: //button[contains(text(),'Process')]]
2021-06-28 19:06:311 INFO  HomePage :24 - Clicking on Home Page : [[ChromeDriver: chrome on WINDOWS (da2c6a789855980ccaa9aa4ae29b3aa4)] -> xpath: //button[contains(text(),'Home')]]
2021-06-28 19:06:383 INFO  HomePage :29 - Clicking on Customer Log In Link : [[ChromeDriver: chrome on WINDOWS (da2c6a789855980ccaa9aa4ae29b3aa4)] -> xpath: //button[contains(text(),'Customer Login')]]
2021-06-28 19:06:541 INFO  OpenAccountPage :25 - Enter Customer Name : [[ChromeDriver: chrome on WINDOWS (da2c6a789855980ccaa9aa4ae29b3aa4)] -> xpath: //select[@id='userSelect']]
2021-06-28 19:06:620 INFO  CustomerLoginPage :31 - Clicking on Login Button : [[ChromeDriver: chrome on WINDOWS (da2c6a789855980ccaa9aa4ae29b3aa4)] -> xpath: //button[contains(text(),'Login')]]
2021-06-28 19:06:714 INFO  AccountPage :30 - Clicking on Deposite Tab : [[ChromeDriver: chrome on WINDOWS (da2c6a789855980ccaa9aa4ae29b3aa4)] -> xpath: //button[@ng-click='deposit()']]
2021-06-28 19:06:810 INFO  AccountPage :34 - Enter YourName : [[ChromeDriver: chrome on WINDOWS (da2c6a789855980ccaa9aa4ae29b3aa4)] -> xpath: //input[@placeholder= 'amount']]
2021-06-28 19:06:897 INFO  AccountPage :38 - Clicking on Deposite Button : [[ChromeDriver: chrome on WINDOWS (da2c6a789855980ccaa9aa4ae29b3aa4)] -> xpath: //button[text()='Deposit']]
2021-06-28 19:06:916 INFO  AccountPage :41 - Verify Deposite Text : [[ChromeDriver: chrome on WINDOWS (da2c6a789855980ccaa9aa4ae29b3aa4)] -> xpath: //span[contains(text(),'Deposit Successful')]]
2021-06-28 19:06:978 INFO  BasePage :33 - Launching Chrome Browser 
2021-06-28 19:06:710 INFO  HomePage :34 - Clicking on Bank Manager Login Link : [[ChromeDriver: chrome on WINDOWS (cb24c89cdff1a71ca62114aae39666d6)] -> xpath: //button[contains(text(),'Bank Manager Login')]]
2021-06-28 19:06:810 INFO  BankManagerLoginPage :24 - Clicking on Add Customer Button : [[ChromeDriver: chrome on WINDOWS (cb24c89cdff1a71ca62114aae39666d6)] -> xpath: //button[@ng-click='addCust()']]
2021-06-28 19:06:924 INFO  AddCustomerPage :27 - Enter FirstName : [[ChromeDriver: chrome on WINDOWS (cb24c89cdff1a71ca62114aae39666d6)] -> xpath: //input[@placeholder='First Name']]
2021-06-28 19:06:43 INFO  AddCustomerPage :32 - Enter lastName : [[ChromeDriver: chrome on WINDOWS (cb24c89cdff1a71ca62114aae39666d6)] -> xpath: //input[@placeholder='Last Name']]
2021-06-28 19:06:143 INFO  AddCustomerPage :37 - Enter Post Code : [[ChromeDriver: chrome on WINDOWS (cb24c89cdff1a71ca62114aae39666d6)] -> xpath: //input[@placeholder='Post Code']]
2021-06-28 19:06:162 INFO  AddCustomerPage :41 - Click On Add Customer : [[ChromeDriver: chrome on WINDOWS (cb24c89cdff1a71ca62114aae39666d6)] -> xpath: //button[text()='Add Customer']]
2021-06-28 19:06:351 INFO  BankManagerLoginPage :29 - Clicking on Open Account Button : [[ChromeDriver: chrome on WINDOWS (cb24c89cdff1a71ca62114aae39666d6)] -> xpath: //button[@ng-click='openAccount()']]
2021-06-28 19:06:513 INFO  OpenAccountPage :25 - Enter Customer Name : [[ChromeDriver: chrome on WINDOWS (cb24c89cdff1a71ca62114aae39666d6)] -> xpath: //select[@id='userSelect']]
2021-06-28 19:06:645 INFO  OpenAccountPage :30 - Enter Currency : [[ChromeDriver: chrome on WINDOWS (cb24c89cdff1a71ca62114aae39666d6)] -> xpath: //select[@id='currency']]
2021-06-28 19:06:675 INFO  OpenAccountPage :34 - Click ON Process Button : [[ChromeDriver: chrome on WINDOWS (cb24c89cdff1a71ca62114aae39666d6)] -> xpath: //button[contains(text(),'Process')]]
2021-06-28 19:06:855 INFO  HomePage :24 - Clicking on Home Page : [[ChromeDriver: chrome on WINDOWS (cb24c89cdff1a71ca62114aae39666d6)] -> xpath: //button[contains(text(),'Home')]]
2021-06-28 19:06:944 INFO  HomePage :29 - Clicking on Customer Log In Link : [[ChromeDriver: chrome on WINDOWS (cb24c89cdff1a71ca62114aae39666d6)] -> xpath: //button[contains(text(),'Customer Login')]]
2021-06-28 19:06:92 INFO  OpenAccountPage :25 - Enter Customer Name : [[ChromeDriver: chrome on WINDOWS (cb24c89cdff1a71ca62114aae39666d6)] -> xpath: //select[@id='userSelect']]
2021-06-28 19:06:166 INFO  CustomerLoginPage :31 - Clicking on Login Button : [[ChromeDriver: chrome on WINDOWS (cb24c89cdff1a71ca62114aae39666d6)] -> xpath: //button[contains(text(),'Login')]]
2021-06-28 19:06:246 INFO  AccountPage :30 - Clicking on Deposite Tab : [[ChromeDriver: chrome on WINDOWS (cb24c89cdff1a71ca62114aae39666d6)] -> xpath: //button[@ng-click='deposit()']]
2021-06-28 19:06:345 INFO  AccountPage :34 - Enter YourName : [[ChromeDriver: chrome on WINDOWS (cb24c89cdff1a71ca62114aae39666d6)] -> xpath: //input[@placeholder= 'amount']]
2021-06-28 19:06:427 INFO  AccountPage :38 - Clicking on Deposite Button : [[ChromeDriver: chrome on WINDOWS (cb24c89cdff1a71ca62114aae39666d6)] -> xpath: //button[text()='Deposit']]
2021-06-28 19:06:443 INFO  AccountPage :41 - Verify Deposite Text : [[ChromeDriver: chrome on WINDOWS (cb24c89cdff1a71ca62114aae39666d6)] -> xpath: //span[contains(text(),'Deposit Successful')]]
2021-06-28 19:06:566 INFO  HomePage :24 - Clicking on Home Page : [[ChromeDriver: chrome on WINDOWS (cb24c89cdff1a71ca62114aae39666d6)] -> xpath: //button[contains(text(),'Home')]]
2021-06-28 19:06:766 INFO  HomePage :29 - Clicking on Customer Log In Link : Proxy element for: DefaultElementLocator 'By.xpath: //button[contains(text(),'Customer Login')]'
2021-06-28 19:06:915 INFO  OpenAccountPage :25 - Enter Customer Name : [[ChromeDriver: chrome on WINDOWS (cb24c89cdff1a71ca62114aae39666d6)] -> xpath: //select[@id='userSelect']]
2021-06-28 19:06:112 INFO  CustomerLoginPage :31 - Clicking on Login Button : Proxy element for: DefaultElementLocator 'By.xpath: //button[contains(text(),'Login')]'
2021-06-28 19:06:184 INFO  AccountPage :46 - Clicking on Withdrawl Tab : [[ChromeDriver: chrome on WINDOWS (cb24c89cdff1a71ca62114aae39666d6)] -> xpath: //button[@ng-click='withdrawl()']]
2021-06-28 19:06:288 INFO  AccountPage :34 - Enter YourName : [[ChromeDriver: chrome on WINDOWS (cb24c89cdff1a71ca62114aae39666d6)] -> xpath: //input[@placeholder= 'amount']]
2021-06-28 19:06:373 INFO  AccountPage :50 - Clicking on Withdrawl Button : [[ChromeDriver: chrome on WINDOWS (cb24c89cdff1a71ca62114aae39666d6)] -> xpath: //body/div[3]/div[1]/div[2]/div[1]/div[4]/div[1]/form[1]/button[1]]
2021-06-28 19:06:409 INFO  AccountPage :53 - Verify Withdrawl Text : [[ChromeDriver: chrome on WINDOWS (cb24c89cdff1a71ca62114aae39666d6)] -> xpath: //span[contains(text(),'Transaction successful')]]
