2021-06-30 18:06:300 INFO  BasePage :33 - Launching Chrome Browser 
2021-06-30 18:06:410 INFO  HomePage :34 - Clicking on Bank Manager Login Link : [[ChromeDriver: chrome on WINDOWS (55031d202575d30f3dc31c4d37e146f4)] -> xpath: //button[contains(text(),'Bank Manager Login')]]
2021-06-30 18:06:488 INFO  BankManagerLoginPage :24 - Clicking on Add Customer Button : [[ChromeDriver: chrome on WINDOWS (55031d202575d30f3dc31c4d37e146f4)] -> xpath: //button[@ng-click='addCust()']]
2021-06-30 18:06:598 INFO  AddCustomerPage :27 - Enter FirstName : [[ChromeDriver: chrome on WINDOWS (55031d202575d30f3dc31c4d37e146f4)] -> xpath: //input[@placeholder='First Name']]
2021-06-30 18:06:692 INFO  AddCustomerPage :32 - Enter lastName : [[ChromeDriver: chrome on WINDOWS (55031d202575d30f3dc31c4d37e146f4)] -> xpath: //input[@placeholder='Last Name']]
2021-06-30 18:06:791 INFO  AddCustomerPage :37 - Enter Post Code : [[ChromeDriver: chrome on WINDOWS (55031d202575d30f3dc31c4d37e146f4)] -> xpath: //input[@placeholder='Post Code']]
2021-06-30 18:06:809 INFO  AddCustomerPage :41 - Click On Add Customer : [[ChromeDriver: chrome on WINDOWS (55031d202575d30f3dc31c4d37e146f4)] -> xpath: //button[text()='Add Customer']]
2021-06-30 18:06:817 INFO  BasePage :33 - Launching Chrome Browser 
2021-06-30 18:06:630 INFO  HomePage :34 - Clicking on Bank Manager Login Link : [[ChromeDriver: chrome on WINDOWS (905f4a9c9bcb4538bad52eb4dd9da542)] -> xpath: //button[contains(text(),'Bank Manager Login')]]
2021-06-30 18:06:727 INFO  BankManagerLoginPage :24 - Clicking on Add Customer Button : [[ChromeDriver: chrome on WINDOWS (905f4a9c9bcb4538bad52eb4dd9da542)] -> xpath: //button[@ng-click='addCust()']]
2021-06-30 18:06:848 INFO  AddCustomerPage :27 - Enter FirstName : [[ChromeDriver: chrome on WINDOWS (905f4a9c9bcb4538bad52eb4dd9da542)] -> xpath: //input[@placeholder='First Name']]
2021-06-30 18:06:951 INFO  AddCustomerPage :32 - Enter lastName : [[ChromeDriver: chrome on WINDOWS (905f4a9c9bcb4538bad52eb4dd9da542)] -> xpath: //input[@placeholder='Last Name']]
2021-06-30 18:06:37 INFO  AddCustomerPage :37 - Enter Post Code : [[ChromeDriver: chrome on WINDOWS (905f4a9c9bcb4538bad52eb4dd9da542)] -> xpath: //input[@placeholder='Post Code']]
2021-06-30 18:06:58 INFO  AddCustomerPage :41 - Click On Add Customer : [[ChromeDriver: chrome on WINDOWS (905f4a9c9bcb4538bad52eb4dd9da542)] -> xpath: //button[text()='Add Customer']]
2021-06-30 18:06:232 INFO  BankManagerLoginPage :29 - Clicking on Open Account Button : [[ChromeDriver: chrome on WINDOWS (905f4a9c9bcb4538bad52eb4dd9da542)] -> xpath: //button[@ng-click='openAccount()']]
2021-06-30 18:06:381 INFO  OpenAccountPage :25 - Enter Customer Name : [[ChromeDriver: chrome on WINDOWS (905f4a9c9bcb4538bad52eb4dd9da542)] -> xpath: //select[@id='userSelect']]
2021-06-30 18:06:516 INFO  OpenAccountPage :30 - Enter Currency : [[ChromeDriver: chrome on WINDOWS (905f4a9c9bcb4538bad52eb4dd9da542)] -> xpath: //select[@id='currency']]
2021-06-30 18:06:548 INFO  OpenAccountPage :34 - Click ON Process Button : [[ChromeDriver: chrome on WINDOWS (905f4a9c9bcb4538bad52eb4dd9da542)] -> xpath: //button[contains(text(),'Process')]]
2021-06-30 18:06:556 INFO  BasePage :33 - Launching Chrome Browser 
2021-06-30 18:06:351 INFO  HomePage :34 - Clicking on Bank Manager Login Link : [[ChromeDriver: chrome on WINDOWS (29bba2fc49d75c497895998ebfd986a8)] -> xpath: //button[contains(text(),'Bank Manager Login')]]
2021-06-30 18:06:444 INFO  BankManagerLoginPage :24 - Clicking on Add Customer Button : [[ChromeDriver: chrome on WINDOWS (29bba2fc49d75c497895998ebfd986a8)] -> xpath: //button[@ng-click='addCust()']]
2021-06-30 18:06:549 INFO  AddCustomerPage :27 - Enter FirstName : [[ChromeDriver: chrome on WINDOWS (29bba2fc49d75c497895998ebfd986a8)] -> xpath: //input[@placeholder='First Name']]
2021-06-30 18:06:657 INFO  AddCustomerPage :32 - Enter lastName : [[ChromeDriver: chrome on WINDOWS (29bba2fc49d75c497895998ebfd986a8)] -> xpath: //input[@placeholder='Last Name']]
2021-06-30 18:06:754 INFO  AddCustomerPage :37 - Enter Post Code : [[ChromeDriver: chrome on WINDOWS (29bba2fc49d75c497895998ebfd986a8)] -> xpath: //input[@placeholder='Post Code']]
2021-06-30 18:06:771 INFO  AddCustomerPage :41 - Click On Add Customer : [[ChromeDriver: chrome on WINDOWS (29bba2fc49d75c497895998ebfd986a8)] -> xpath: //button[text()='Add Customer']]
2021-06-30 18:06:948 INFO  HomePage :24 - Clicking on Home Page : [[ChromeDriver: chrome on WINDOWS (29bba2fc49d75c497895998ebfd986a8)] -> xpath: //button[contains(text(),'Home')]]
2021-06-30 18:06:35 INFO  HomePage :29 - Clicking on Customer Log In Link : [[ChromeDriver: chrome on WINDOWS (29bba2fc49d75c497895998ebfd986a8)] -> xpath: //button[contains(text(),'Customer Login')]]
2021-06-30 18:06:171 INFO  OpenAccountPage :25 - Enter Customer Name : [[ChromeDriver: chrome on WINDOWS (29bba2fc49d75c497895998ebfd986a8)] -> xpath: //select[@id='userSelect']]
2021-06-30 18:06:259 INFO  CustomerLoginPage :31 - Clicking on Login Button : [[ChromeDriver: chrome on WINDOWS (29bba2fc49d75c497895998ebfd986a8)] -> xpath: //button[contains(text(),'Login')]]
2021-06-30 18:06:299 INFO  CustomerLoginPage :34 - Verify LogOut Text : [[ChromeDriver: chrome on WINDOWS (29bba2fc49d75c497895998ebfd986a8)] -> xpath: //button[contains(text(),'Logout')]]
2021-06-30 18:06:407 INFO  CustomerLoginPage :39 - Clicking on Logout Button : [[ChromeDriver: chrome on WINDOWS (29bba2fc49d75c497895998ebfd986a8)] -> xpath: //button[contains(text(),'Logout')]]
2021-06-30 18:06:439 INFO  CustomerLoginPage :42 - Verify Your Name Text : [[ChromeDriver: chrome on WINDOWS (29bba2fc49d75c497895998ebfd986a8)] -> xpath: //label[contains(text(),'Your Name :')]]
2021-06-30 18:06:394 INFO  BasePage :33 - Launching Chrome Browser 
2021-06-30 18:06:275 INFO  HomePage :34 - Clicking on Bank Manager Login Link : [[ChromeDriver: chrome on WINDOWS (d7818b748a79fc2295341bd0c703447a)] -> xpath: //button[contains(text(),'Bank Manager Login')]]
2021-06-30 18:06:364 INFO  BankManagerLoginPage :24 - Clicking on Add Customer Button : [[ChromeDriver: chrome on WINDOWS (d7818b748a79fc2295341bd0c703447a)] -> xpath: //button[@ng-click='addCust()']]
2021-06-30 18:06:468 INFO  AddCustomerPage :27 - Enter FirstName : [[ChromeDriver: chrome on WINDOWS (d7818b748a79fc2295341bd0c703447a)] -> xpath: //input[@placeholder='First Name']]
2021-06-30 18:06:554 INFO  AddCustomerPage :32 - Enter lastName : [[ChromeDriver: chrome on WINDOWS (d7818b748a79fc2295341bd0c703447a)] -> xpath: //input[@placeholder='Last Name']]
2021-06-30 18:06:690 INFO  AddCustomerPage :37 - Enter Post Code : [[ChromeDriver: chrome on WINDOWS (d7818b748a79fc2295341bd0c703447a)] -> xpath: //input[@placeholder='Post Code']]
2021-06-30 18:06:724 INFO  AddCustomerPage :41 - Click On Add Customer : [[ChromeDriver: chrome on WINDOWS (d7818b748a79fc2295341bd0c703447a)] -> xpath: //button[text()='Add Customer']]
2021-06-30 18:06:889 INFO  BankManagerLoginPage :29 - Clicking on Open Account Button : [[ChromeDriver: chrome on WINDOWS (d7818b748a79fc2295341bd0c703447a)] -> xpath: //button[@ng-click='openAccount()']]
2021-06-30 18:06:44 INFO  OpenAccountPage :25 - Enter Customer Name : [[ChromeDriver: chrome on WINDOWS (d7818b748a79fc2295341bd0c703447a)] -> xpath: //select[@id='userSelect']]
2021-06-30 18:06:201 INFO  OpenAccountPage :30 - Enter Currency : [[ChromeDriver: chrome on WINDOWS (d7818b748a79fc2295341bd0c703447a)] -> xpath: //select[@id='currency']]
2021-06-30 18:06:234 INFO  OpenAccountPage :34 - Click ON Process Button : [[ChromeDriver: chrome on WINDOWS (d7818b748a79fc2295341bd0c703447a)] -> xpath: //button[contains(text(),'Process')]]
2021-06-30 18:06:421 INFO  HomePage :24 - Clicking on Home Page : [[ChromeDriver: chrome on WINDOWS (d7818b748a79fc2295341bd0c703447a)] -> xpath: //button[contains(text(),'Home')]]
2021-06-30 18:06:496 INFO  HomePage :29 - Clicking on Customer Log In Link : [[ChromeDriver: chrome on WINDOWS (d7818b748a79fc2295341bd0c703447a)] -> xpath: //button[contains(text(),'Customer Login')]]
2021-06-30 18:06:629 INFO  OpenAccountPage :25 - Enter Customer Name : [[ChromeDriver: chrome on WINDOWS (d7818b748a79fc2295341bd0c703447a)] -> xpath: //select[@id='userSelect']]
2021-06-30 18:06:700 INFO  CustomerLoginPage :31 - Clicking on Login Button : [[ChromeDriver: chrome on WINDOWS (d7818b748a79fc2295341bd0c703447a)] -> xpath: //button[contains(text(),'Login')]]
2021-06-30 18:06:777 INFO  AccountPage :30 - Clicking on Deposite Tab : [[ChromeDriver: chrome on WINDOWS (d7818b748a79fc2295341bd0c703447a)] -> xpath: //button[@ng-click='deposit()']]
2021-06-30 18:06:868 INFO  AccountPage :34 - Enter YourName : [[ChromeDriver: chrome on WINDOWS (d7818b748a79fc2295341bd0c703447a)] -> xpath: //input[@placeholder= 'amount']]
2021-06-30 18:06:956 INFO  AccountPage :38 - Clicking on Deposite Button : [[ChromeDriver: chrome on WINDOWS (d7818b748a79fc2295341bd0c703447a)] -> xpath: //button[text()='Deposit']]
2021-06-30 18:06:973 INFO  AccountPage :41 - Verify Deposite Text : [[ChromeDriver: chrome on WINDOWS (d7818b748a79fc2295341bd0c703447a)] -> xpath: //span[contains(text(),'Deposit Successful')]]
2021-06-30 18:06:886 INFO  BasePage :33 - Launching Chrome Browser 
2021-06-30 18:06:835 INFO  HomePage :34 - Clicking on Bank Manager Login Link : [[ChromeDriver: chrome on WINDOWS (f71aab7864f2b7ff2673d9ba078d248e)] -> xpath: //button[contains(text(),'Bank Manager Login')]]
2021-06-30 18:06:906 INFO  BankManagerLoginPage :24 - Clicking on Add Customer Button : [[ChromeDriver: chrome on WINDOWS (f71aab7864f2b7ff2673d9ba078d248e)] -> xpath: //button[@ng-click='addCust()']]
2021-06-30 18:06:993 INFO  AddCustomerPage :27 - Enter FirstName : [[ChromeDriver: chrome on WINDOWS (f71aab7864f2b7ff2673d9ba078d248e)] -> xpath: //input[@placeholder='First Name']]
2021-06-30 18:06:100 INFO  AddCustomerPage :32 - Enter lastName : [[ChromeDriver: chrome on WINDOWS (f71aab7864f2b7ff2673d9ba078d248e)] -> xpath: //input[@placeholder='Last Name']]
2021-06-30 18:06:190 INFO  AddCustomerPage :37 - Enter Post Code : [[ChromeDriver: chrome on WINDOWS (f71aab7864f2b7ff2673d9ba078d248e)] -> xpath: //input[@placeholder='Post Code']]
2021-06-30 18:06:208 INFO  AddCustomerPage :41 - Click On Add Customer : [[ChromeDriver: chrome on WINDOWS (f71aab7864f2b7ff2673d9ba078d248e)] -> xpath: //button[text()='Add Customer']]
2021-06-30 18:06:383 INFO  BankManagerLoginPage :29 - Clicking on Open Account Button : [[ChromeDriver: chrome on WINDOWS (f71aab7864f2b7ff2673d9ba078d248e)] -> xpath: //button[@ng-click='openAccount()']]
2021-06-30 18:06:502 INFO  OpenAccountPage :25 - Enter Customer Name : [[ChromeDriver: chrome on WINDOWS (f71aab7864f2b7ff2673d9ba078d248e)] -> xpath: //select[@id='userSelect']]
2021-06-30 18:06:635 INFO  OpenAccountPage :30 - Enter Currency : [[ChromeDriver: chrome on WINDOWS (f71aab7864f2b7ff2673d9ba078d248e)] -> xpath: //select[@id='currency']]
2021-06-30 18:06:672 INFO  OpenAccountPage :34 - Click ON Process Button : [[ChromeDriver: chrome on WINDOWS (f71aab7864f2b7ff2673d9ba078d248e)] -> xpath: //button[contains(text(),'Process')]]
2021-06-30 18:06:854 INFO  HomePage :24 - Clicking on Home Page : [[ChromeDriver: chrome on WINDOWS (f71aab7864f2b7ff2673d9ba078d248e)] -> xpath: //button[contains(text(),'Home')]]
2021-06-30 18:06:929 INFO  HomePage :29 - Clicking on Customer Log In Link : [[ChromeDriver: chrome on WINDOWS (f71aab7864f2b7ff2673d9ba078d248e)] -> xpath: //button[contains(text(),'Customer Login')]]
2021-06-30 18:06:82 INFO  OpenAccountPage :25 - Enter Customer Name : [[ChromeDriver: chrome on WINDOWS (f71aab7864f2b7ff2673d9ba078d248e)] -> xpath: //select[@id='userSelect']]
2021-06-30 18:06:156 INFO  CustomerLoginPage :31 - Clicking on Login Button : [[ChromeDriver: chrome on WINDOWS (f71aab7864f2b7ff2673d9ba078d248e)] -> xpath: //button[contains(text(),'Login')]]
2021-06-30 18:06:228 INFO  AccountPage :30 - Clicking on Deposite Tab : [[ChromeDriver: chrome on WINDOWS (f71aab7864f2b7ff2673d9ba078d248e)] -> xpath: //button[@ng-click='deposit()']]
2021-06-30 18:06:318 INFO  AccountPage :34 - Enter YourName : [[ChromeDriver: chrome on WINDOWS (f71aab7864f2b7ff2673d9ba078d248e)] -> xpath: //input[@placeholder= 'amount']]
2021-06-30 18:06:404 INFO  AccountPage :38 - Clicking on Deposite Button : [[ChromeDriver: chrome on WINDOWS (f71aab7864f2b7ff2673d9ba078d248e)] -> xpath: //button[text()='Deposit']]
2021-06-30 18:06:433 INFO  AccountPage :41 - Verify Deposite Text : [[ChromeDriver: chrome on WINDOWS (f71aab7864f2b7ff2673d9ba078d248e)] -> xpath: //span[contains(text(),'Deposit Successful')]]
2021-06-30 18:06:532 INFO  HomePage :24 - Clicking on Home Page : [[ChromeDriver: chrome on WINDOWS (f71aab7864f2b7ff2673d9ba078d248e)] -> xpath: //button[contains(text(),'Home')]]
2021-06-30 18:06:641 INFO  HomePage :29 - Clicking on Customer Log In Link : Proxy element for: DefaultElementLocator 'By.xpath: //button[contains(text(),'Customer Login')]'
2021-06-30 18:06:800 INFO  OpenAccountPage :25 - Enter Customer Name : [[ChromeDriver: chrome on WINDOWS (f71aab7864f2b7ff2673d9ba078d248e)] -> xpath: //select[@id='userSelect']]
2021-06-30 18:06:896 INFO  CustomerLoginPage :31 - Clicking on Login Button : Proxy element for: DefaultElementLocator 'By.xpath: //button[contains(text(),'Login')]'
2021-06-30 18:06:974 INFO  AccountPage :46 - Clicking on Withdrawl Tab : [[ChromeDriver: chrome on WINDOWS (f71aab7864f2b7ff2673d9ba078d248e)] -> xpath: //button[@ng-click='withdrawl()']]
2021-06-30 18:06:66 INFO  AccountPage :34 - Enter YourName : [[ChromeDriver: chrome on WINDOWS (f71aab7864f2b7ff2673d9ba078d248e)] -> xpath: //input[@placeholder= 'amount']]
2021-06-30 18:06:146 INFO  AccountPage :50 - Clicking on Withdrawl Button : [[ChromeDriver: chrome on WINDOWS (f71aab7864f2b7ff2673d9ba078d248e)] -> xpath: //body/div[3]/div[1]/div[2]/div[1]/div[4]/div[1]/form[1]/button[1]]
2021-06-30 18:06:177 INFO  AccountPage :53 - Verify Withdrawl Text : [[ChromeDriver: chrome on WINDOWS (f71aab7864f2b7ff2673d9ba078d248e)] -> xpath: //span[contains(text(),'Transaction successful')]]
